<?xml version="1.0" encoding="UTF-8"?>
<!-- Generated by org.testng.reporters.JUnitXMLReporter -->
<testsuite ignored="0" hostname="LAPTOP-9AFG13RK" failures="0" tests="4" name="Chrome_test" time="12.581" errors="0" timestamp="2026-06-16T13:03:33 IST">
  <testcase classname="Day_2_TestNG.Parallel_Test" name="open_app" time="9.014"/>
  <testcase classname="Day_2_TestNG.Parallel_Test" name="testlogo" time="3.127"/>
  <testcase classname="Day_2_TestNG.Parallel_Test" name="login" time="0.278"/>
  <testcase classname="Day_2_TestNG.Parallel_Test" name="closeapp" time="0.149"/>
</testsuite> <!-- Chrome_test -->
