<?xml version="1.0" encoding="UTF-8"?>
<!-- Generated by org.testng.reporters.JUnitXMLReporter -->
<testsuite ignored="0" hostname="LAPTOP-9AFG13RK" failures="0" tests="4" name="Edge_Test" time="15.454" errors="0" timestamp="2026-06-16T13:03:20 IST">
  <testcase classname="Day_2_TestNG.Parallel_Test" name="open_app" time="6.008"/>
  <testcase classname="Day_2_TestNG.Parallel_Test" name="testlogo" time="1.931"/>
  <testcase classname="Day_2_TestNG.Parallel_Test" name="login" time="7.33"/>
  <testcase classname="Day_2_TestNG.Parallel_Test" name="closeapp" time="0.17"/>
</testsuite> <!-- Edge_Test -->
