<?xml version="1.0" encoding="UTF-8"?>
<!-- Generated by org.testng.reporters.JUnitXMLReporter -->
<testsuite ignored="0" hostname="LAPTOP-9AFG13RK" failures="0" tests="4" name="Firefox_test" time="21.367" errors="0" timestamp="2026-06-16T13:03:05 IST">
  <testcase classname="Day_2_TestNG.Parallel_Test" name="open_app" time="12.189"/>
  <testcase classname="Day_2_TestNG.Parallel_Test" name="testlogo" time="2.771"/>
  <testcase classname="Day_2_TestNG.Parallel_Test" name="login" time="5.2"/>
  <testcase classname="Day_2_TestNG.Parallel_Test" name="closeapp" time="1.132"/>
</testsuite> <!-- Firefox_test -->
