<?xml version="1.0" encoding="UTF-8"?>
<!-- Generated by org.testng.reporters.JUnitXMLReporter -->
<testsuite ignored="0" hostname="LAPTOP-9AFG13RK" failures="0" tests="4" name="Parallel_Test3" time="5.266" errors="0" timestamp="2026-05-15T20:10:20 IST">
  <testcase classname="Day_2_TestNG.Parallel_Test" name="open_app" time="3.757"/>
  <testcase classname="Day_2_TestNG.Parallel_Test" name="testlogo" time="0.972"/>
  <testcase classname="Day_2_TestNG.Parallel_Test" name="login" time="0.352"/>
  <testcase classname="Day_2_TestNG.Parallel_Test" name="closeapp" time="0.169"/>
</testsuite> <!-- Parallel_Test3 -->
