<?xml version="1.0" encoding="UTF-8"?>
<!-- Generated by org.testng.reporters.JUnitXMLReporter -->
<testsuite ignored="0" hostname="LAPTOP-9AFG13RK" failures="0" tests="4" name="Parallel_Test2" time="7.227" errors="0" timestamp="2026-05-15T20:10:14 IST">
  <testcase classname="Day_2_TestNG.Parallel_Test" name="open_app" time="4.484"/>
  <testcase classname="Day_2_TestNG.Parallel_Test" name="testlogo" time="0.96"/>
  <testcase classname="Day_2_TestNG.Parallel_Test" name="login" time="1.455"/>
  <testcase classname="Day_2_TestNG.Parallel_Test" name="closeapp" time="0.315"/>
</testsuite> <!-- Parallel_Test2 -->
