<?xml version="1.0" encoding="UTF-8"?>
<!-- Generated by org.testng.reporters.JUnitXMLReporter -->
<testsuite ignored="0" hostname="LAPTOP-9AFG13RK" failures="0" tests="4" name="Parallel_Test1" time="14.747" errors="0" timestamp="2026-05-15T20:10:07 IST">
  <testcase classname="Day_2_TestNG.Parallel_Test" name="open_app" time="10.445"/>
  <testcase classname="Day_2_TestNG.Parallel_Test" name="testlogo" time="1.071"/>
  <testcase classname="Day_2_TestNG.Parallel_Test" name="login" time="1.592"/>
  <testcase classname="Day_2_TestNG.Parallel_Test" name="closeapp" time="1.539"/>
</testsuite> <!-- Parallel_Test1 -->
