<?xml version="1.0" encoding="UTF-8"?>
<!-- Generated by org.testng.reporters.JUnitXMLReporter -->
<testsuite ignored="0" hostname="LAPTOP-9AFG13RK" failures="0" tests="4" name="Parallel_Test" time="7.277" errors="0" timestamp="2026-05-15T19:53:15 IST">
  <testcase classname="Day_2_TestNG.Parallel_Test" name="open_app" time="5.552"/>
  <testcase classname="Day_2_TestNG.Parallel_Test" name="testlogo" time="1.048"/>
  <testcase classname="Day_2_TestNG.Parallel_Test" name="login" time="0.398"/>
  <testcase classname="Day_2_TestNG.Parallel_Test" name="closeapp" time="0.19"/>
</testsuite> <!-- Parallel_Test -->
