<?xml version="1.0" encoding="UTF-8"?>
<!-- Generated by org.testng.reporters.JUnitXMLReporter -->
<testsuite ignored="0" hostname="LAPTOP-9AFG13RK" failures="0" tests="4" name="Test" time="10.017" errors="0" timestamp="2026-05-15T12:39:01 IST">
  <testcase classname="Day_2_TestNG.FirstTestCase" name="open_app" time="5.299"/>
  <testcase classname="Day_2_TestNG.FirstTestCase" name="testlogo" time="1.324"/>
  <testcase classname="Day_2_TestNG.FirstTestCase" name="login" time="3.126"/>
  <testcase classname="Day_2_TestNG.FirstTestCase" name="closeapp" time="0.183"/>
</testsuite> <!-- Test -->
