<?xml version="1.0" encoding="UTF-8"?>
<testng-results ignored="4" total="6" passed="2" failed="0" skipped="0">
  <reporter-output>
  </reporter-output>
  <suite started-at="2026-06-16T13:05:42 IST" name="grouping" finished-at="2026-06-16T13:05:42 IST" duration-ms="85">
    <groups>
      <group name="sanity">
        <method signature="GroupingTest2.signupbyemail()[pri:1, instance:Day_2_TestNG.GroupingTest2@fbd1f6]" name="signupbyemail" class="Day_2_TestNG.GroupingTest2"/>
        <method signature="GroupingTest2.signupbyfb()[pri:2, instance:Day_2_TestNG.GroupingTest2@fbd1f6]" name="signupbyfb" class="Day_2_TestNG.GroupingTest2"/>
      </group> <!-- sanity -->
    </groups>
    <test started-at="2026-06-16T13:05:42 IST" name="grouping" finished-at="2026-06-16T13:05:42 IST" duration-ms="85">
      <class name="Day_2_TestNG.GroupingTest2">
        <test-method signature="signupbyemail()[pri:1, instance:Day_2_TestNG.GroupingTest2@fbd1f6]" started-at="2026-06-16T13:05:42 IST" name="signupbyemail" finished-at="2026-06-16T13:05:42 IST" duration-ms="15" status="PASS">
          <reporter-output>
          </reporter-output>
        </test-method> <!-- signupbyemail -->
        <test-method signature="signupbyfb()[pri:2, instance:Day_2_TestNG.GroupingTest2@fbd1f6]" started-at="2026-06-16T13:05:42 IST" name="signupbyfb" finished-at="2026-06-16T13:05:42 IST" duration-ms="5" status="PASS">
          <reporter-output>
          </reporter-output>
        </test-method> <!-- signupbyfb -->
      </class> <!-- Day_2_TestNG.GroupingTest2 -->
    </test> <!-- grouping -->
  </suite> <!-- grouping -->
</testng-results>
