<?xml version="1.0" encoding="UTF-8"?>
<!-- Generated by org.testng.reporters.JUnitXMLReporter -->
<testsuite ignored="0" hostname="LAPTOP-9AFG13RK" failures="0" tests="6" name="OrangeHRMTest" time="12.51" errors="0" timestamp="2026-05-15T12:57:43 IST">
  <testcase classname="Day_2_TestNG.FirstTestCase" name="open_app" time="6.552"/>
  <testcase classname="Day_2_TestNG.FirstTestCase" name="testlogo" time="1.362"/>
  <testcase classname="Day_2_TestNG.FirstTestCase" name="login" time="4.297"/>
  <testcase classname="Day_2_TestNG.FirstTestCase" name="closeapp" time="0.192"/>
  <testcase classname="Day_2_TestNG.NewTest" name="openapp" time="0.003"/>
  <testcase classname="Day_2_TestNG.NewTest" name="logout" time="0.003"/>
</testsuite> <!-- OrangeHRMTest -->
