<?xml version="1.0" encoding="UTF-8"?>
<!-- Generated by org.testng.reporters.JUnitXMLReporter -->
<testsuite ignored="0" hostname="LAPTOP-9AFG13RK" failures="0" tests="6" name="OrangeHRMTest1" time="9.203" errors="0" timestamp="2026-05-15T12:56:34 IST">
  <testcase classname="Day_2_TestNG.FirstTestCase" name="open_app" time="6.146"/>
  <testcase classname="Day_2_TestNG.FirstTestCase" name="testlogo" time="2.459"/>
  <testcase classname="Day_2_TestNG.FirstTestCase" name="login" time="0.395"/>
  <testcase classname="Day_2_TestNG.FirstTestCase" name="closeapp" time="0.177"/>
  <testcase classname="Day_2_TestNG.NewTest" name="openapp" time="0.001"/>
  <testcase classname="Day_2_TestNG.NewTest" name="logout" time="0.001"/>
</testsuite> <!-- OrangeHRMTest1 -->
