<?xml version="1.0" encoding="UTF-8"?>
<!-- Generated by org.testng.reporters.JUnitReportReporter -->
<testsuite hostname="LAPTOP-9AFG13RK" failures="0" tests="4" name="Day_2_TestNG.FirstTestCase" time="14.882" errors="0" timestamp="2026-05-15T13:42:33 IST" skipped="0">
  <testcase classname="Day_2_TestNG.FirstTestCase" name="open_app" time="6.550"/>
  <testcase classname="Day_2_TestNG.FirstTestCase" name="testlogo" time="1.647"/>
  <testcase classname="Day_2_TestNG.FirstTestCase" name="login" time="6.503"/>
  <testcase classname="Day_2_TestNG.FirstTestCase" name="closeapp" time="0.182"/>
</testsuite> <!-- Day_2_TestNG.FirstTestCase -->
