<?xml version="1.0" encoding="UTF-8"?>
<!-- Generated by org.testng.reporters.JUnitReportReporter -->
<testsuite hostname="LAPTOP-9AFG13RK" failures="0" tests="3" name="Day_2_TestNG.GroupingTest" time="0.018" errors="0" timestamp="2026-06-16T13:04:40 IST" skipped="0">
  <testcase classname="Day_2_TestNG.GroupingTest" name="loginbyemail" time="0.013"/>
  <testcase classname="Day_2_TestNG.GroupingTest" name="loginbyfb" time="0.003"/>
  <testcase classname="Day_2_TestNG.GroupingTest" name="loginbyinsta" time="0.002"/>
</testsuite> <!-- Day_2_TestNG.GroupingTest -->
