<?xml version="1.0" encoding="UTF-8"?>
<!-- Generated by org.testng.reporters.JUnitXMLReporter -->
<testsuite ignored="4" hostname="LAPTOP-9AFG13RK" failures="0" tests="2" name="grouping" time="0.085" errors="0" timestamp="2026-06-16T13:05:42 IST">
  <testcase classname="Day_2_TestNG.GroupingTest2" name="signupbyemail" time="0.015"/>
  <testcase classname="Day_2_TestNG.GroupingTest2" name="signupbyfb" time="0.005"/>
  <testcase classname="Day_2_TestNG.GroupingTest2" name="signupbyinsta" time="0.0">
    <ignored/>
  </testcase> <!-- signupbyinsta -->
  <testcase classname="Day_2_TestNG.GroupingTest" name="loginbyinsta" time="0.0">
    <ignored/>
  </testcase> <!-- loginbyinsta -->
  <testcase classname="Day_2_TestNG.GroupingTest" name="loginbyemail" time="0.0">
    <ignored/>
  </testcase> <!-- loginbyemail -->
  <testcase classname="Day_2_TestNG.GroupingTest" name="loginbyfb" time="0.0">
    <ignored/>
  </testcase> <!-- loginbyfb -->
</testsuite> <!-- grouping -->
